c:\users\wanbida\desktop\main project\uccolor\ucaimcolor\x64\release\menurender.obj
c:\users\wanbida\desktop\main project\uccolor\ucaimcolor\x64\release\main.obj
c:\users\wanbida\desktop\main project\uccolor\ucaimcolor\x64\release\imgui_widgets.obj
c:\users\wanbida\desktop\main project\uccolor\ucaimcolor\x64\release\imgui_tables.obj
c:\users\wanbida\desktop\main project\uccolor\ucaimcolor\x64\release\imgui_impl_win32.obj
c:\users\wanbida\desktop\main project\uccolor\ucaimcolor\x64\release\imgui_impl_dx11.obj
c:\users\wanbida\desktop\main project\uccolor\ucaimcolor\x64\release\imgui_draw.obj
c:\users\wanbida\desktop\main project\uccolor\ucaimcolor\x64\release\imgui_demo.obj
c:\users\wanbida\desktop\main project\uccolor\ucaimcolor\x64\release\imgui.obj
c:\users\wanbida\desktop\main project\uccolor\ucaimcolor\x64\release\driver.obj
c:\users\wanbida\desktop\main project\uccolor\ucaimcolor\x64\release\custom.obj
c:\users\wanbida\desktop\main project\uccolor\x64\release\ucaimcolor.exe
c:\users\wanbida\desktop\main project\uccolor\x64\release\ucaimcolor.pdb
c:\users\wanbida\desktop\main project\uccolor\ucaimcolor\x64\release\ucaimcolor.iobj
c:\users\wanbida\desktop\main project\uccolor\ucaimcolor\x64\release\ucaimcolor.vcxproj.cppwinrt_comp.rsp
c:\users\wanbida\desktop\main project\uccolor\ucaimcolor\x64\release\ucaimcolor.vcxproj.cppwinrt_plat.rsp
c:\users\wanbida\desktop\main project\uccolor\ucaimcolor\x64\release\ucaimcolor.vcxproj.mdmerge.rsp
c:\users\wanbida\desktop\main project\uccolor\ucaimcolor\x64\release\ucaimcolor.vcxproj.midlrt.rsp
c:\users\wanbida\desktop\main project\uccolor\ucaimcolor\x64\release\ucaimcolor.tlog\cl.command.1.tlog
c:\users\wanbida\desktop\main project\uccolor\ucaimcolor\x64\release\ucaimcolor.tlog\cl.items.tlog
c:\users\wanbida\desktop\main project\uccolor\ucaimcolor\x64\release\ucaimcolor.tlog\cl.read.1.tlog
c:\users\wanbida\desktop\main project\uccolor\ucaimcolor\x64\release\ucaimcolor.tlog\cl.write.1.tlog
c:\users\wanbida\desktop\main project\uccolor\ucaimcolor\x64\release\ucaimcolor.tlog\link.command.1.tlog
c:\users\wanbida\desktop\main project\uccolor\ucaimcolor\x64\release\ucaimcolor.tlog\link.read.1.tlog
c:\users\wanbida\desktop\main project\uccolor\ucaimcolor\x64\release\ucaimcolor.tlog\link.secondary.1.tlog
c:\users\wanbida\desktop\main project\uccolor\ucaimcolor\x64\release\ucaimcolor.tlog\link.write.1.tlog
